Determining if the pthread_create exist failed with the following output:
Change Dir: /home/joseph/catkin_ws/build/catkin_tools_prebuild/CMakeFiles/CMakeTmp

Run Build Command:"/usr/bin/make" "cmTC_5c88d/fast"
/usr/bin/make -f CMakeFiles/cmTC_5c88d.dir/build.make CMakeFiles/cmTC_5c88d.dir/build
make[1]: Entering directory '/home/joseph/catkin_ws/build/catkin_tools_prebuild/CMakeFiles/CMakeTmp'
Building C object CMakeFiles/cmTC_5c88d.dir/CheckSymbolExists.c.o
/usr/bin/cc    -o CMakeFiles/cmTC_5c88d.dir/CheckSymbolExists.c.o   -c /home/joseph/catkin_ws/build/catkin_tools_prebuild/CMakeFiles/CMakeTmp/CheckSymbolExists.c
Linking C executable cmTC_5c88d
/usr/bin/cmake -E cmake_link_script CMakeFiles/cmTC_5c88d.dir/link.txt --verbose=1
/usr/bin/cc      -rdynamic CMakeFiles/cmTC_5c88d.dir/CheckSymbolExists.c.o  -o cmTC_5c88d 
CMakeFiles/cmTC_5c88d.dir/CheckSymbolExists.c.o: In function `main':
CheckSymbolExists.c:(.text+0x14): undefined reference to `pthread_create'
CheckSymbolExists.c:(.text+0x18): undefined reference to `pthread_create'
collect2: error: ld returned 1 exit status
CMakeFiles/cmTC_5c88d.dir/build.make:97: recipe for target 'cmTC_5c88d' failed
make[1]: *** [cmTC_5c88d] Error 1
make[1]: Leaving directory '/home/joseph/catkin_ws/build/catkin_tools_prebuild/CMakeFiles/CMakeTmp'
Makefile:126: recipe for target 'cmTC_5c88d/fast' failed
make: *** [cmTC_5c88d/fast] Error 2

File /home/joseph/catkin_ws/build/catkin_tools_prebuild/CMakeFiles/CMakeTmp/CheckSymbolExists.c:
/* */
#include <pthread.h>

int main(int argc, char** argv)
{
  (void)argv;
#ifndef pthread_create
  return ((int*)(&pthread_create))[argc];
#else
  (void)argc;
  return 0;
#endif
}

Determining if the function pthread_create exists in the pthreads failed with the following output:
Change Dir: /home/joseph/catkin_ws/build/catkin_tools_prebuild/CMakeFiles/CMakeTmp

Run Build Command:"/usr/bin/make" "cmTC_592aa/fast"
/usr/bin/make -f CMakeFiles/cmTC_592aa.dir/build.make CMakeFiles/cmTC_592aa.dir/build
make[1]: Entering directory '/home/joseph/catkin_ws/build/catkin_tools_prebuild/CMakeFiles/CMakeTmp'
Building C object CMakeFiles/cmTC_592aa.dir/CheckFunctionExists.c.o
/usr/bin/cc   -DCHECK_FUNCTION_EXISTS=pthread_create   -o CMakeFiles/cmTC_592aa.dir/CheckFunctionExists.c.o   -c /usr/share/cmake-3.10/Modules/CheckFunctionExists.c
Linking C executable cmTC_592aa
/usr/bin/cmake -E cmake_link_script CMakeFiles/cmTC_592aa.dir/link.txt --verbose=1
/usr/bin/cc  -DCHECK_FUNCTION_EXISTS=pthread_create    -rdynamic CMakeFiles/cmTC_592aa.dir/CheckFunctionExists.c.o  -o cmTC_592aa -lpthreads 
/usr/bin/ld: cannot find -lpthreads
collect2: error: ld returned 1 exit status
CMakeFiles/cmTC_592aa.dir/build.make:97: recipe for target 'cmTC_592aa' failed
make[1]: *** [cmTC_592aa] Error 1
make[1]: Leaving directory '/home/joseph/catkin_ws/build/catkin_tools_prebuild/CMakeFiles/CMakeTmp'
Makefile:126: recipe for target 'cmTC_592aa/fast' failed
make: *** [cmTC_592aa/fast] Error 2


