Linked: (/home/joseph/catkin_ws/devel/.private/ros_decawave/include/ros_decawave/AnchorArray.h, /home/joseph/catkin_ws/devel/include/ros_decawave/AnchorArray.h)
Linked: (/home/joseph/catkin_ws/devel/.private/ros_decawave/include/ros_decawave/Anchor.h, /home/joseph/catkin_ws/devel/include/ros_decawave/Anchor.h)
Linked: (/home/joseph/catkin_ws/devel/.private/ros_decawave/include/ros_decawave/Acc.h, /home/joseph/catkin_ws/devel/include/ros_decawave/Acc.h)
Linked: (/home/joseph/catkin_ws/devel/.private/ros_decawave/include/ros_decawave/Tag.h, /home/joseph/catkin_ws/devel/include/ros_decawave/Tag.h)
Linked: (/home/joseph/catkin_ws/devel/.private/ros_decawave/share/ros_decawave/cmake/ros_decawaveConfig-version.cmake, /home/joseph/catkin_ws/devel/share/ros_decawave/cmake/ros_decawaveConfig-version.cmake)
Linked: (/home/joseph/catkin_ws/devel/.private/ros_decawave/share/ros_decawave/cmake/ros_decawave-msg-paths.cmake, /home/joseph/catkin_ws/devel/share/ros_decawave/cmake/ros_decawave-msg-paths.cmake)
Linked: (/home/joseph/catkin_ws/devel/.private/ros_decawave/share/ros_decawave/cmake/ros_decawaveConfig.cmake, /home/joseph/catkin_ws/devel/share/ros_decawave/cmake/ros_decawaveConfig.cmake)
Linked: (/home/joseph/catkin_ws/devel/.private/ros_decawave/share/ros_decawave/cmake/ros_decawave-msg-extras.cmake, /home/joseph/catkin_ws/devel/share/ros_decawave/cmake/ros_decawave-msg-extras.cmake)
Linked: (/home/joseph/catkin_ws/devel/.private/ros_decawave/share/common-lisp/ros/ros_decawave/msg/_package_AnchorArray.lisp, /home/joseph/catkin_ws/devel/share/common-lisp/ros/ros_decawave/msg/_package_AnchorArray.lisp)
Linked: (/home/joseph/catkin_ws/devel/.private/ros_decawave/share/common-lisp/ros/ros_decawave/msg/_package_Tag.lisp, /home/joseph/catkin_ws/devel/share/common-lisp/ros/ros_decawave/msg/_package_Tag.lisp)
Linked: (/home/joseph/catkin_ws/devel/.private/ros_decawave/share/common-lisp/ros/ros_decawave/msg/_package_Anchor.lisp, /home/joseph/catkin_ws/devel/share/common-lisp/ros/ros_decawave/msg/_package_Anchor.lisp)
Linked: (/home/joseph/catkin_ws/devel/.private/ros_decawave/share/common-lisp/ros/ros_decawave/msg/Anchor.lisp, /home/joseph/catkin_ws/devel/share/common-lisp/ros/ros_decawave/msg/Anchor.lisp)
Linked: (/home/joseph/catkin_ws/devel/.private/ros_decawave/share/common-lisp/ros/ros_decawave/msg/AnchorArray.lisp, /home/joseph/catkin_ws/devel/share/common-lisp/ros/ros_decawave/msg/AnchorArray.lisp)
Linked: (/home/joseph/catkin_ws/devel/.private/ros_decawave/share/common-lisp/ros/ros_decawave/msg/ros_decawave-msg.asd, /home/joseph/catkin_ws/devel/share/common-lisp/ros/ros_decawave/msg/ros_decawave-msg.asd)
Linked: (/home/joseph/catkin_ws/devel/.private/ros_decawave/share/common-lisp/ros/ros_decawave/msg/_package.lisp, /home/joseph/catkin_ws/devel/share/common-lisp/ros/ros_decawave/msg/_package.lisp)
Linked: (/home/joseph/catkin_ws/devel/.private/ros_decawave/share/common-lisp/ros/ros_decawave/msg/Tag.lisp, /home/joseph/catkin_ws/devel/share/common-lisp/ros/ros_decawave/msg/Tag.lisp)
Linked: (/home/joseph/catkin_ws/devel/.private/ros_decawave/share/common-lisp/ros/ros_decawave/msg/Acc.lisp, /home/joseph/catkin_ws/devel/share/common-lisp/ros/ros_decawave/msg/Acc.lisp)
Linked: (/home/joseph/catkin_ws/devel/.private/ros_decawave/share/common-lisp/ros/ros_decawave/msg/_package_Acc.lisp, /home/joseph/catkin_ws/devel/share/common-lisp/ros/ros_decawave/msg/_package_Acc.lisp)
Linked: (/home/joseph/catkin_ws/devel/.private/ros_decawave/share/roseus/ros/ros_decawave/manifest.l, /home/joseph/catkin_ws/devel/share/roseus/ros/ros_decawave/manifest.l)
Linked: (/home/joseph/catkin_ws/devel/.private/ros_decawave/share/roseus/ros/ros_decawave/msg/Anchor.l, /home/joseph/catkin_ws/devel/share/roseus/ros/ros_decawave/msg/Anchor.l)
Linked: (/home/joseph/catkin_ws/devel/.private/ros_decawave/share/roseus/ros/ros_decawave/msg/Tag.l, /home/joseph/catkin_ws/devel/share/roseus/ros/ros_decawave/msg/Tag.l)
Linked: (/home/joseph/catkin_ws/devel/.private/ros_decawave/share/roseus/ros/ros_decawave/msg/Acc.l, /home/joseph/catkin_ws/devel/share/roseus/ros/ros_decawave/msg/Acc.l)
Linked: (/home/joseph/catkin_ws/devel/.private/ros_decawave/share/roseus/ros/ros_decawave/msg/AnchorArray.l, /home/joseph/catkin_ws/devel/share/roseus/ros/ros_decawave/msg/AnchorArray.l)
Linked: (/home/joseph/catkin_ws/devel/.private/ros_decawave/share/gennodejs/ros/ros_decawave/_index.js, /home/joseph/catkin_ws/devel/share/gennodejs/ros/ros_decawave/_index.js)
Linked: (/home/joseph/catkin_ws/devel/.private/ros_decawave/share/gennodejs/ros/ros_decawave/msg/AnchorArray.js, /home/joseph/catkin_ws/devel/share/gennodejs/ros/ros_decawave/msg/AnchorArray.js)
Linked: (/home/joseph/catkin_ws/devel/.private/ros_decawave/share/gennodejs/ros/ros_decawave/msg/Anchor.js, /home/joseph/catkin_ws/devel/share/gennodejs/ros/ros_decawave/msg/Anchor.js)
Linked: (/home/joseph/catkin_ws/devel/.private/ros_decawave/share/gennodejs/ros/ros_decawave/msg/Acc.js, /home/joseph/catkin_ws/devel/share/gennodejs/ros/ros_decawave/msg/Acc.js)
Linked: (/home/joseph/catkin_ws/devel/.private/ros_decawave/share/gennodejs/ros/ros_decawave/msg/Tag.js, /home/joseph/catkin_ws/devel/share/gennodejs/ros/ros_decawave/msg/Tag.js)
Linked: (/home/joseph/catkin_ws/devel/.private/ros_decawave/share/gennodejs/ros/ros_decawave/msg/_index.js, /home/joseph/catkin_ws/devel/share/gennodejs/ros/ros_decawave/msg/_index.js)
Linked: (/home/joseph/catkin_ws/devel/.private/ros_decawave/lib/python2.7/dist-packages/ros_decawave/__init__.py, /home/joseph/catkin_ws/devel/lib/python2.7/dist-packages/ros_decawave/__init__.py)
Linked: (/home/joseph/catkin_ws/devel/.private/ros_decawave/lib/python2.7/dist-packages/ros_decawave/msg/__init__.py, /home/joseph/catkin_ws/devel/lib/python2.7/dist-packages/ros_decawave/msg/__init__.py)
Linked: (/home/joseph/catkin_ws/devel/.private/ros_decawave/lib/python2.7/dist-packages/ros_decawave/msg/_Anchor.py, /home/joseph/catkin_ws/devel/lib/python2.7/dist-packages/ros_decawave/msg/_Anchor.py)
Linked: (/home/joseph/catkin_ws/devel/.private/ros_decawave/lib/python2.7/dist-packages/ros_decawave/msg/_AnchorArray.py, /home/joseph/catkin_ws/devel/lib/python2.7/dist-packages/ros_decawave/msg/_AnchorArray.py)
Linked: (/home/joseph/catkin_ws/devel/.private/ros_decawave/lib/python2.7/dist-packages/ros_decawave/msg/_Tag.py, /home/joseph/catkin_ws/devel/lib/python2.7/dist-packages/ros_decawave/msg/_Tag.py)
Linked: (/home/joseph/catkin_ws/devel/.private/ros_decawave/lib/python2.7/dist-packages/ros_decawave/msg/_Acc.py, /home/joseph/catkin_ws/devel/lib/python2.7/dist-packages/ros_decawave/msg/_Acc.py)
Linked: (/home/joseph/catkin_ws/devel/.private/ros_decawave/lib/pkgconfig/ros_decawave.pc, /home/joseph/catkin_ws/devel/lib/pkgconfig/ros_decawave.pc)
