Symlinking /home/joseph/catkin_ws/devel/include/ros_decawave/AnchorArray.h
Symlinking /home/joseph/catkin_ws/devel/include/ros_decawave/Anchor.h
Symlinking /home/joseph/catkin_ws/devel/include/ros_decawave/Acc.h
Symlinking /home/joseph/catkin_ws/devel/include/ros_decawave/Tag.h
Symlinking /home/joseph/catkin_ws/devel/share/ros_decawave/cmake/ros_decawaveConfig-version.cmake
Symlinking /home/joseph/catkin_ws/devel/share/ros_decawave/cmake/ros_decawave-msg-paths.cmake
Symlinking /home/joseph/catkin_ws/devel/share/ros_decawave/cmake/ros_decawaveConfig.cmake
Symlinking /home/joseph/catkin_ws/devel/share/ros_decawave/cmake/ros_decawave-msg-extras.cmake
Symlinking /home/joseph/catkin_ws/devel/share/common-lisp/ros/ros_decawave/msg/_package_AnchorArray.lisp
Symlinking /home/joseph/catkin_ws/devel/share/common-lisp/ros/ros_decawave/msg/_package_Tag.lisp
Symlinking /home/joseph/catkin_ws/devel/share/common-lisp/ros/ros_decawave/msg/_package_Anchor.lisp
Symlinking /home/joseph/catkin_ws/devel/share/common-lisp/ros/ros_decawave/msg/Anchor.lisp
Symlinking /home/joseph/catkin_ws/devel/share/common-lisp/ros/ros_decawave/msg/AnchorArray.lisp
Symlinking /home/joseph/catkin_ws/devel/share/common-lisp/ros/ros_decawave/msg/ros_decawave-msg.asd
Symlinking /home/joseph/catkin_ws/devel/share/common-lisp/ros/ros_decawave/msg/_package.lisp
Symlinking /home/joseph/catkin_ws/devel/share/common-lisp/ros/ros_decawave/msg/Tag.lisp
Symlinking /home/joseph/catkin_ws/devel/share/common-lisp/ros/ros_decawave/msg/Acc.lisp
Symlinking /home/joseph/catkin_ws/devel/share/common-lisp/ros/ros_decawave/msg/_package_Acc.lisp
Symlinking /home/joseph/catkin_ws/devel/share/roseus/ros/ros_decawave/manifest.l
Symlinking /home/joseph/catkin_ws/devel/share/roseus/ros/ros_decawave/msg/Anchor.l
Symlinking /home/joseph/catkin_ws/devel/share/roseus/ros/ros_decawave/msg/Tag.l
Symlinking /home/joseph/catkin_ws/devel/share/roseus/ros/ros_decawave/msg/Acc.l
Symlinking /home/joseph/catkin_ws/devel/share/roseus/ros/ros_decawave/msg/AnchorArray.l
Symlinking /home/joseph/catkin_ws/devel/share/gennodejs/ros/ros_decawave/_index.js
Symlinking /home/joseph/catkin_ws/devel/share/gennodejs/ros/ros_decawave/msg/AnchorArray.js
Symlinking /home/joseph/catkin_ws/devel/share/gennodejs/ros/ros_decawave/msg/Anchor.js
Symlinking /home/joseph/catkin_ws/devel/share/gennodejs/ros/ros_decawave/msg/Acc.js
Symlinking /home/joseph/catkin_ws/devel/share/gennodejs/ros/ros_decawave/msg/Tag.js
Symlinking /home/joseph/catkin_ws/devel/share/gennodejs/ros/ros_decawave/msg/_index.js
Symlinking /home/joseph/catkin_ws/devel/lib/python2.7/dist-packages/ros_decawave/__init__.py
Symlinking /home/joseph/catkin_ws/devel/lib/python2.7/dist-packages/ros_decawave/msg/__init__.py
Symlinking /home/joseph/catkin_ws/devel/lib/python2.7/dist-packages/ros_decawave/msg/_Anchor.py
Symlinking /home/joseph/catkin_ws/devel/lib/python2.7/dist-packages/ros_decawave/msg/_AnchorArray.py
Symlinking /home/joseph/catkin_ws/devel/lib/python2.7/dist-packages/ros_decawave/msg/_Tag.py
Symlinking /home/joseph/catkin_ws/devel/lib/python2.7/dist-packages/ros_decawave/msg/_Acc.py
Symlinking /home/joseph/catkin_ws/devel/lib/pkgconfig/ros_decawave.pc
