Determining if the pthread_create exist failed with the following output:
Change Dir: /home/joseph/catkin_ws/build/imgRec/CMakeFiles/CMakeTmp

Run Build Command:"/usr/bin/make" "cmTC_4f06d/fast"
/usr/bin/make -f CMakeFiles/cmTC_4f06d.dir/build.make CMakeFiles/cmTC_4f06d.dir/build
make[1]: Entering directory '/home/joseph/catkin_ws/build/imgRec/CMakeFiles/CMakeTmp'
Building C object CMakeFiles/cmTC_4f06d.dir/CheckSymbolExists.c.o
/usr/bin/cc    -o CMakeFiles/cmTC_4f06d.dir/CheckSymbolExists.c.o   -c /home/joseph/catkin_ws/build/imgRec/CMakeFiles/CMakeTmp/CheckSymbolExists.c
Linking C executable cmTC_4f06d
/usr/bin/cmake -E cmake_link_script CMakeFiles/cmTC_4f06d.dir/link.txt --verbose=1
/usr/bin/cc      -rdynamic CMakeFiles/cmTC_4f06d.dir/CheckSymbolExists.c.o  -o cmTC_4f06d 
CMakeFiles/cmTC_4f06d.dir/CheckSymbolExists.c.o: In function `main':
CheckSymbolExists.c:(.text+0x14): undefined reference to `pthread_create'
CheckSymbolExists.c:(.text+0x18): undefined reference to `pthread_create'
collect2: error: ld returned 1 exit status
CMakeFiles/cmTC_4f06d.dir/build.make:97: recipe for target 'cmTC_4f06d' failed
make[1]: *** [cmTC_4f06d] Error 1
make[1]: Leaving directory '/home/joseph/catkin_ws/build/imgRec/CMakeFiles/CMakeTmp'
Makefile:126: recipe for target 'cmTC_4f06d/fast' failed
make: *** [cmTC_4f06d/fast] Error 2

File /home/joseph/catkin_ws/build/imgRec/CMakeFiles/CMakeTmp/CheckSymbolExists.c:
/* */
#include <pthread.h>

int main(int argc, char** argv)
{
  (void)argv;
#ifndef pthread_create
  return ((int*)(&pthread_create))[argc];
#else
  (void)argc;
  return 0;
#endif
}

Determining if the function pthread_create exists in the pthreads failed with the following output:
Change Dir: /home/joseph/catkin_ws/build/imgRec/CMakeFiles/CMakeTmp

Run Build Command:"/usr/bin/make" "cmTC_d45ce/fast"
/usr/bin/make -f CMakeFiles/cmTC_d45ce.dir/build.make CMakeFiles/cmTC_d45ce.dir/build
make[1]: Entering directory '/home/joseph/catkin_ws/build/imgRec/CMakeFiles/CMakeTmp'
Building C object CMakeFiles/cmTC_d45ce.dir/CheckFunctionExists.c.o
/usr/bin/cc   -DCHECK_FUNCTION_EXISTS=pthread_create   -o CMakeFiles/cmTC_d45ce.dir/CheckFunctionExists.c.o   -c /usr/share/cmake-3.10/Modules/CheckFunctionExists.c
Linking C executable cmTC_d45ce
/usr/bin/cmake -E cmake_link_script CMakeFiles/cmTC_d45ce.dir/link.txt --verbose=1
/usr/bin/cc  -DCHECK_FUNCTION_EXISTS=pthread_create    -rdynamic CMakeFiles/cmTC_d45ce.dir/CheckFunctionExists.c.o  -o cmTC_d45ce -lpthreads 
/usr/bin/ld: cannot find -lpthreads
collect2: error: ld returned 1 exit status
CMakeFiles/cmTC_d45ce.dir/build.make:97: recipe for target 'cmTC_d45ce' failed
make[1]: *** [cmTC_d45ce] Error 1
make[1]: Leaving directory '/home/joseph/catkin_ws/build/imgRec/CMakeFiles/CMakeTmp'
Makefile:126: recipe for target 'cmTC_d45ce/fast' failed
make: *** [cmTC_d45ce/fast] Error 2


