Determining if the pthread_create exist failed with the following output:
Change Dir: /home/joseph/catkin_ws/build/path_plan/CMakeFiles/CMakeTmp

Run Build Command:"/usr/bin/make" "cmTC_e8cba/fast"
/usr/bin/make -f CMakeFiles/cmTC_e8cba.dir/build.make CMakeFiles/cmTC_e8cba.dir/build
make[1]: Entering directory '/home/joseph/catkin_ws/build/path_plan/CMakeFiles/CMakeTmp'
Building C object CMakeFiles/cmTC_e8cba.dir/CheckSymbolExists.c.o
/usr/bin/cc    -o CMakeFiles/cmTC_e8cba.dir/CheckSymbolExists.c.o   -c /home/joseph/catkin_ws/build/path_plan/CMakeFiles/CMakeTmp/CheckSymbolExists.c
Linking C executable cmTC_e8cba
/usr/bin/cmake -E cmake_link_script CMakeFiles/cmTC_e8cba.dir/link.txt --verbose=1
/usr/bin/cc      -rdynamic CMakeFiles/cmTC_e8cba.dir/CheckSymbolExists.c.o  -o cmTC_e8cba 
CMakeFiles/cmTC_e8cba.dir/CheckSymbolExists.c.o: In function `main':
CheckSymbolExists.c:(.text+0x14): undefined reference to `pthread_create'
CheckSymbolExists.c:(.text+0x18): undefined reference to `pthread_create'
collect2: error: ld returned 1 exit status
CMakeFiles/cmTC_e8cba.dir/build.make:97: recipe for target 'cmTC_e8cba' failed
make[1]: *** [cmTC_e8cba] Error 1
make[1]: Leaving directory '/home/joseph/catkin_ws/build/path_plan/CMakeFiles/CMakeTmp'
Makefile:126: recipe for target 'cmTC_e8cba/fast' failed
make: *** [cmTC_e8cba/fast] Error 2

File /home/joseph/catkin_ws/build/path_plan/CMakeFiles/CMakeTmp/CheckSymbolExists.c:
/* */
#include <pthread.h>

int main(int argc, char** argv)
{
  (void)argv;
#ifndef pthread_create
  return ((int*)(&pthread_create))[argc];
#else
  (void)argc;
  return 0;
#endif
}

Determining if the function pthread_create exists in the pthreads failed with the following output:
Change Dir: /home/joseph/catkin_ws/build/path_plan/CMakeFiles/CMakeTmp

Run Build Command:"/usr/bin/make" "cmTC_40005/fast"
/usr/bin/make -f CMakeFiles/cmTC_40005.dir/build.make CMakeFiles/cmTC_40005.dir/build
make[1]: Entering directory '/home/joseph/catkin_ws/build/path_plan/CMakeFiles/CMakeTmp'
Building C object CMakeFiles/cmTC_40005.dir/CheckFunctionExists.c.o
/usr/bin/cc   -DCHECK_FUNCTION_EXISTS=pthread_create   -o CMakeFiles/cmTC_40005.dir/CheckFunctionExists.c.o   -c /usr/share/cmake-3.10/Modules/CheckFunctionExists.c
Linking C executable cmTC_40005
/usr/bin/cmake -E cmake_link_script CMakeFiles/cmTC_40005.dir/link.txt --verbose=1
/usr/bin/cc  -DCHECK_FUNCTION_EXISTS=pthread_create    -rdynamic CMakeFiles/cmTC_40005.dir/CheckFunctionExists.c.o  -o cmTC_40005 -lpthreads 
/usr/bin/ld: cannot find -lpthreads
collect2: error: ld returned 1 exit status
CMakeFiles/cmTC_40005.dir/build.make:97: recipe for target 'cmTC_40005' failed
make[1]: *** [cmTC_40005] Error 1
make[1]: Leaving directory '/home/joseph/catkin_ws/build/path_plan/CMakeFiles/CMakeTmp'
Makefile:126: recipe for target 'cmTC_40005/fast' failed
make: *** [cmTC_40005/fast] Error 2


