Linked: (/home/joseph/catkin_ws/devel/.private/localizer_dwm1001/include/localizer_dwm1001/Tag_srvResponse.h, /home/joseph/catkin_ws/devel/include/localizer_dwm1001/Tag_srvResponse.h)
Linked: (/home/joseph/catkin_ws/devel/.private/localizer_dwm1001/include/localizer_dwm1001/Anchor_0Request.h, /home/joseph/catkin_ws/devel/include/localizer_dwm1001/Anchor_0Request.h)
Linked: (/home/joseph/catkin_ws/devel/.private/localizer_dwm1001/include/localizer_dwm1001/Anchor_3.h, /home/joseph/catkin_ws/devel/include/localizer_dwm1001/Anchor_3.h)
Linked: (/home/joseph/catkin_ws/devel/.private/localizer_dwm1001/include/localizer_dwm1001/Anchor_3Response.h, /home/joseph/catkin_ws/devel/include/localizer_dwm1001/Anchor_3Response.h)
Linked: (/home/joseph/catkin_ws/devel/.private/localizer_dwm1001/include/localizer_dwm1001/Anchor_2Request.h, /home/joseph/catkin_ws/devel/include/localizer_dwm1001/Anchor_2Request.h)
Linked: (/home/joseph/catkin_ws/devel/.private/localizer_dwm1001/include/localizer_dwm1001/Anchor_0Response.h, /home/joseph/catkin_ws/devel/include/localizer_dwm1001/Anchor_0Response.h)
Linked: (/home/joseph/catkin_ws/devel/.private/localizer_dwm1001/include/localizer_dwm1001/Tag_srv.h, /home/joseph/catkin_ws/devel/include/localizer_dwm1001/Tag_srv.h)
Linked: (/home/joseph/catkin_ws/devel/.private/localizer_dwm1001/include/localizer_dwm1001/Anchor.h, /home/joseph/catkin_ws/devel/include/localizer_dwm1001/Anchor.h)
Linked: (/home/joseph/catkin_ws/devel/.private/localizer_dwm1001/include/localizer_dwm1001/Tag_srvRequest.h, /home/joseph/catkin_ws/devel/include/localizer_dwm1001/Tag_srvRequest.h)
Linked: (/home/joseph/catkin_ws/devel/.private/localizer_dwm1001/include/localizer_dwm1001/Anchor_1Request.h, /home/joseph/catkin_ws/devel/include/localizer_dwm1001/Anchor_1Request.h)
Linked: (/home/joseph/catkin_ws/devel/.private/localizer_dwm1001/include/localizer_dwm1001/Anchor_3Request.h, /home/joseph/catkin_ws/devel/include/localizer_dwm1001/Anchor_3Request.h)
Linked: (/home/joseph/catkin_ws/devel/.private/localizer_dwm1001/include/localizer_dwm1001/Tag.h, /home/joseph/catkin_ws/devel/include/localizer_dwm1001/Tag.h)
Linked: (/home/joseph/catkin_ws/devel/.private/localizer_dwm1001/include/localizer_dwm1001/DWM1001_Tune_SerialConfig.h, /home/joseph/catkin_ws/devel/include/localizer_dwm1001/DWM1001_Tune_SerialConfig.h)
Linked: (/home/joseph/catkin_ws/devel/.private/localizer_dwm1001/include/localizer_dwm1001/Anchor_1.h, /home/joseph/catkin_ws/devel/include/localizer_dwm1001/Anchor_1.h)
Linked: (/home/joseph/catkin_ws/devel/.private/localizer_dwm1001/include/localizer_dwm1001/Anchor_1Response.h, /home/joseph/catkin_ws/devel/include/localizer_dwm1001/Anchor_1Response.h)
Linked: (/home/joseph/catkin_ws/devel/.private/localizer_dwm1001/include/localizer_dwm1001/Anchor_2.h, /home/joseph/catkin_ws/devel/include/localizer_dwm1001/Anchor_2.h)
Linked: (/home/joseph/catkin_ws/devel/.private/localizer_dwm1001/include/localizer_dwm1001/Anchor_0.h, /home/joseph/catkin_ws/devel/include/localizer_dwm1001/Anchor_0.h)
Linked: (/home/joseph/catkin_ws/devel/.private/localizer_dwm1001/include/localizer_dwm1001/Anchor_2Response.h, /home/joseph/catkin_ws/devel/include/localizer_dwm1001/Anchor_2Response.h)
Linked: (/home/joseph/catkin_ws/devel/.private/localizer_dwm1001/share/localizer_dwm1001/docs/DWM1001_Tune_SerialConfig.dox, /home/joseph/catkin_ws/devel/share/localizer_dwm1001/docs/DWM1001_Tune_SerialConfig.dox)
Linked: (/home/joseph/catkin_ws/devel/.private/localizer_dwm1001/share/localizer_dwm1001/docs/DWM1001_Tune_SerialConfig-usage.dox, /home/joseph/catkin_ws/devel/share/localizer_dwm1001/docs/DWM1001_Tune_SerialConfig-usage.dox)
Linked: (/home/joseph/catkin_ws/devel/.private/localizer_dwm1001/share/localizer_dwm1001/docs/DWM1001_Tune_SerialConfig.wikidoc, /home/joseph/catkin_ws/devel/share/localizer_dwm1001/docs/DWM1001_Tune_SerialConfig.wikidoc)
Linked: (/home/joseph/catkin_ws/devel/.private/localizer_dwm1001/share/localizer_dwm1001/cmake/localizer_dwm1001Config-version.cmake, /home/joseph/catkin_ws/devel/share/localizer_dwm1001/cmake/localizer_dwm1001Config-version.cmake)
Linked: (/home/joseph/catkin_ws/devel/.private/localizer_dwm1001/share/localizer_dwm1001/cmake/localizer_dwm1001-msg-paths.cmake, /home/joseph/catkin_ws/devel/share/localizer_dwm1001/cmake/localizer_dwm1001-msg-paths.cmake)
Linked: (/home/joseph/catkin_ws/devel/.private/localizer_dwm1001/share/localizer_dwm1001/cmake/localizer_dwm1001-msg-extras.cmake, /home/joseph/catkin_ws/devel/share/localizer_dwm1001/cmake/localizer_dwm1001-msg-extras.cmake)
Linked: (/home/joseph/catkin_ws/devel/.private/localizer_dwm1001/share/localizer_dwm1001/cmake/localizer_dwm1001Config.cmake, /home/joseph/catkin_ws/devel/share/localizer_dwm1001/cmake/localizer_dwm1001Config.cmake)
Linked: (/home/joseph/catkin_ws/devel/.private/localizer_dwm1001/share/common-lisp/ros/localizer_dwm1001/srv/_package_Anchor_1.lisp, /home/joseph/catkin_ws/devel/share/common-lisp/ros/localizer_dwm1001/srv/_package_Anchor_1.lisp)
Linked: (/home/joseph/catkin_ws/devel/.private/localizer_dwm1001/share/common-lisp/ros/localizer_dwm1001/srv/localizer_dwm1001-srv.asd, /home/joseph/catkin_ws/devel/share/common-lisp/ros/localizer_dwm1001/srv/localizer_dwm1001-srv.asd)
Linked: (/home/joseph/catkin_ws/devel/.private/localizer_dwm1001/share/common-lisp/ros/localizer_dwm1001/srv/Anchor_3.lisp, /home/joseph/catkin_ws/devel/share/common-lisp/ros/localizer_dwm1001/srv/Anchor_3.lisp)
Linked: (/home/joseph/catkin_ws/devel/.private/localizer_dwm1001/share/common-lisp/ros/localizer_dwm1001/srv/Anchor_1.lisp, /home/joseph/catkin_ws/devel/share/common-lisp/ros/localizer_dwm1001/srv/Anchor_1.lisp)
Linked: (/home/joseph/catkin_ws/devel/.private/localizer_dwm1001/share/common-lisp/ros/localizer_dwm1001/srv/_package_Anchor_2.lisp, /home/joseph/catkin_ws/devel/share/common-lisp/ros/localizer_dwm1001/srv/_package_Anchor_2.lisp)
Linked: (/home/joseph/catkin_ws/devel/.private/localizer_dwm1001/share/common-lisp/ros/localizer_dwm1001/srv/Tag_srv.lisp, /home/joseph/catkin_ws/devel/share/common-lisp/ros/localizer_dwm1001/srv/Tag_srv.lisp)
Linked: (/home/joseph/catkin_ws/devel/.private/localizer_dwm1001/share/common-lisp/ros/localizer_dwm1001/srv/Anchor_0.lisp, /home/joseph/catkin_ws/devel/share/common-lisp/ros/localizer_dwm1001/srv/Anchor_0.lisp)
Linked: (/home/joseph/catkin_ws/devel/.private/localizer_dwm1001/share/common-lisp/ros/localizer_dwm1001/srv/Anchor_2.lisp, /home/joseph/catkin_ws/devel/share/common-lisp/ros/localizer_dwm1001/srv/Anchor_2.lisp)
Linked: (/home/joseph/catkin_ws/devel/.private/localizer_dwm1001/share/common-lisp/ros/localizer_dwm1001/srv/_package_Anchor_0.lisp, /home/joseph/catkin_ws/devel/share/common-lisp/ros/localizer_dwm1001/srv/_package_Anchor_0.lisp)
Linked: (/home/joseph/catkin_ws/devel/.private/localizer_dwm1001/share/common-lisp/ros/localizer_dwm1001/srv/_package.lisp, /home/joseph/catkin_ws/devel/share/common-lisp/ros/localizer_dwm1001/srv/_package.lisp)
Linked: (/home/joseph/catkin_ws/devel/.private/localizer_dwm1001/share/common-lisp/ros/localizer_dwm1001/srv/_package_Tag_srv.lisp, /home/joseph/catkin_ws/devel/share/common-lisp/ros/localizer_dwm1001/srv/_package_Tag_srv.lisp)
Linked: (/home/joseph/catkin_ws/devel/.private/localizer_dwm1001/share/common-lisp/ros/localizer_dwm1001/srv/_package_Anchor_3.lisp, /home/joseph/catkin_ws/devel/share/common-lisp/ros/localizer_dwm1001/srv/_package_Anchor_3.lisp)
Linked: (/home/joseph/catkin_ws/devel/.private/localizer_dwm1001/share/common-lisp/ros/localizer_dwm1001/msg/localizer_dwm1001-msg.asd, /home/joseph/catkin_ws/devel/share/common-lisp/ros/localizer_dwm1001/msg/localizer_dwm1001-msg.asd)
Linked: (/home/joseph/catkin_ws/devel/.private/localizer_dwm1001/share/common-lisp/ros/localizer_dwm1001/msg/_package_Tag.lisp, /home/joseph/catkin_ws/devel/share/common-lisp/ros/localizer_dwm1001/msg/_package_Tag.lisp)
Linked: (/home/joseph/catkin_ws/devel/.private/localizer_dwm1001/share/common-lisp/ros/localizer_dwm1001/msg/_package_Anchor.lisp, /home/joseph/catkin_ws/devel/share/common-lisp/ros/localizer_dwm1001/msg/_package_Anchor.lisp)
Linked: (/home/joseph/catkin_ws/devel/.private/localizer_dwm1001/share/common-lisp/ros/localizer_dwm1001/msg/Anchor.lisp, /home/joseph/catkin_ws/devel/share/common-lisp/ros/localizer_dwm1001/msg/Anchor.lisp)
Linked: (/home/joseph/catkin_ws/devel/.private/localizer_dwm1001/share/common-lisp/ros/localizer_dwm1001/msg/_package.lisp, /home/joseph/catkin_ws/devel/share/common-lisp/ros/localizer_dwm1001/msg/_package.lisp)
Linked: (/home/joseph/catkin_ws/devel/.private/localizer_dwm1001/share/common-lisp/ros/localizer_dwm1001/msg/Tag.lisp, /home/joseph/catkin_ws/devel/share/common-lisp/ros/localizer_dwm1001/msg/Tag.lisp)
Linked: (/home/joseph/catkin_ws/devel/.private/localizer_dwm1001/share/roseus/ros/localizer_dwm1001/manifest.l, /home/joseph/catkin_ws/devel/share/roseus/ros/localizer_dwm1001/manifest.l)
Linked: (/home/joseph/catkin_ws/devel/.private/localizer_dwm1001/share/roseus/ros/localizer_dwm1001/srv/Anchor_0.l, /home/joseph/catkin_ws/devel/share/roseus/ros/localizer_dwm1001/srv/Anchor_0.l)
Linked: (/home/joseph/catkin_ws/devel/.private/localizer_dwm1001/share/roseus/ros/localizer_dwm1001/srv/Tag_srv.l, /home/joseph/catkin_ws/devel/share/roseus/ros/localizer_dwm1001/srv/Tag_srv.l)
Linked: (/home/joseph/catkin_ws/devel/.private/localizer_dwm1001/share/roseus/ros/localizer_dwm1001/srv/Anchor_2.l, /home/joseph/catkin_ws/devel/share/roseus/ros/localizer_dwm1001/srv/Anchor_2.l)
Linked: (/home/joseph/catkin_ws/devel/.private/localizer_dwm1001/share/roseus/ros/localizer_dwm1001/srv/Anchor_3.l, /home/joseph/catkin_ws/devel/share/roseus/ros/localizer_dwm1001/srv/Anchor_3.l)
Linked: (/home/joseph/catkin_ws/devel/.private/localizer_dwm1001/share/roseus/ros/localizer_dwm1001/srv/Anchor_1.l, /home/joseph/catkin_ws/devel/share/roseus/ros/localizer_dwm1001/srv/Anchor_1.l)
Linked: (/home/joseph/catkin_ws/devel/.private/localizer_dwm1001/share/roseus/ros/localizer_dwm1001/msg/Anchor.l, /home/joseph/catkin_ws/devel/share/roseus/ros/localizer_dwm1001/msg/Anchor.l)
Linked: (/home/joseph/catkin_ws/devel/.private/localizer_dwm1001/share/roseus/ros/localizer_dwm1001/msg/Tag.l, /home/joseph/catkin_ws/devel/share/roseus/ros/localizer_dwm1001/msg/Tag.l)
Linked: (/home/joseph/catkin_ws/devel/.private/localizer_dwm1001/share/gennodejs/ros/localizer_dwm1001/_index.js, /home/joseph/catkin_ws/devel/share/gennodejs/ros/localizer_dwm1001/_index.js)
Linked: (/home/joseph/catkin_ws/devel/.private/localizer_dwm1001/share/gennodejs/ros/localizer_dwm1001/srv/Anchor_1.js, /home/joseph/catkin_ws/devel/share/gennodejs/ros/localizer_dwm1001/srv/Anchor_1.js)
Linked: (/home/joseph/catkin_ws/devel/.private/localizer_dwm1001/share/gennodejs/ros/localizer_dwm1001/srv/Tag_srv.js, /home/joseph/catkin_ws/devel/share/gennodejs/ros/localizer_dwm1001/srv/Tag_srv.js)
Linked: (/home/joseph/catkin_ws/devel/.private/localizer_dwm1001/share/gennodejs/ros/localizer_dwm1001/srv/Anchor_3.js, /home/joseph/catkin_ws/devel/share/gennodejs/ros/localizer_dwm1001/srv/Anchor_3.js)
Linked: (/home/joseph/catkin_ws/devel/.private/localizer_dwm1001/share/gennodejs/ros/localizer_dwm1001/srv/Anchor_0.js, /home/joseph/catkin_ws/devel/share/gennodejs/ros/localizer_dwm1001/srv/Anchor_0.js)
Linked: (/home/joseph/catkin_ws/devel/.private/localizer_dwm1001/share/gennodejs/ros/localizer_dwm1001/srv/Anchor_2.js, /home/joseph/catkin_ws/devel/share/gennodejs/ros/localizer_dwm1001/srv/Anchor_2.js)
Linked: (/home/joseph/catkin_ws/devel/.private/localizer_dwm1001/share/gennodejs/ros/localizer_dwm1001/srv/_index.js, /home/joseph/catkin_ws/devel/share/gennodejs/ros/localizer_dwm1001/srv/_index.js)
Linked: (/home/joseph/catkin_ws/devel/.private/localizer_dwm1001/share/gennodejs/ros/localizer_dwm1001/msg/Anchor.js, /home/joseph/catkin_ws/devel/share/gennodejs/ros/localizer_dwm1001/msg/Anchor.js)
Linked: (/home/joseph/catkin_ws/devel/.private/localizer_dwm1001/share/gennodejs/ros/localizer_dwm1001/msg/Tag.js, /home/joseph/catkin_ws/devel/share/gennodejs/ros/localizer_dwm1001/msg/Tag.js)
Linked: (/home/joseph/catkin_ws/devel/.private/localizer_dwm1001/share/gennodejs/ros/localizer_dwm1001/msg/_index.js, /home/joseph/catkin_ws/devel/share/gennodejs/ros/localizer_dwm1001/msg/_index.js)
Linked: (/home/joseph/catkin_ws/devel/.private/localizer_dwm1001/lib/python2.7/dist-packages/localizer_dwm1001/__init__.py, /home/joseph/catkin_ws/devel/lib/python2.7/dist-packages/localizer_dwm1001/__init__.py)
Linked: (/home/joseph/catkin_ws/devel/.private/localizer_dwm1001/lib/python2.7/dist-packages/localizer_dwm1001/cfg/__init__.py, /home/joseph/catkin_ws/devel/lib/python2.7/dist-packages/localizer_dwm1001/cfg/__init__.py)
Linked: (/home/joseph/catkin_ws/devel/.private/localizer_dwm1001/lib/python2.7/dist-packages/localizer_dwm1001/cfg/DWM1001_Tune_SerialConfig.py, /home/joseph/catkin_ws/devel/lib/python2.7/dist-packages/localizer_dwm1001/cfg/DWM1001_Tune_SerialConfig.py)
Linked: (/home/joseph/catkin_ws/devel/.private/localizer_dwm1001/lib/python2.7/dist-packages/localizer_dwm1001/srv/__init__.py, /home/joseph/catkin_ws/devel/lib/python2.7/dist-packages/localizer_dwm1001/srv/__init__.py)
Linked: (/home/joseph/catkin_ws/devel/.private/localizer_dwm1001/lib/python2.7/dist-packages/localizer_dwm1001/srv/_Anchor_3.py, /home/joseph/catkin_ws/devel/lib/python2.7/dist-packages/localizer_dwm1001/srv/_Anchor_3.py)
Linked: (/home/joseph/catkin_ws/devel/.private/localizer_dwm1001/lib/python2.7/dist-packages/localizer_dwm1001/srv/_Tag_srv.py, /home/joseph/catkin_ws/devel/lib/python2.7/dist-packages/localizer_dwm1001/srv/_Tag_srv.py)
Linked: (/home/joseph/catkin_ws/devel/.private/localizer_dwm1001/lib/python2.7/dist-packages/localizer_dwm1001/srv/_Anchor_1.py, /home/joseph/catkin_ws/devel/lib/python2.7/dist-packages/localizer_dwm1001/srv/_Anchor_1.py)
Linked: (/home/joseph/catkin_ws/devel/.private/localizer_dwm1001/lib/python2.7/dist-packages/localizer_dwm1001/srv/_Anchor_0.py, /home/joseph/catkin_ws/devel/lib/python2.7/dist-packages/localizer_dwm1001/srv/_Anchor_0.py)
Linked: (/home/joseph/catkin_ws/devel/.private/localizer_dwm1001/lib/python2.7/dist-packages/localizer_dwm1001/srv/_Anchor_2.py, /home/joseph/catkin_ws/devel/lib/python2.7/dist-packages/localizer_dwm1001/srv/_Anchor_2.py)
Linked: (/home/joseph/catkin_ws/devel/.private/localizer_dwm1001/lib/python2.7/dist-packages/localizer_dwm1001/msg/__init__.py, /home/joseph/catkin_ws/devel/lib/python2.7/dist-packages/localizer_dwm1001/msg/__init__.py)
Linked: (/home/joseph/catkin_ws/devel/.private/localizer_dwm1001/lib/python2.7/dist-packages/localizer_dwm1001/msg/_Anchor.py, /home/joseph/catkin_ws/devel/lib/python2.7/dist-packages/localizer_dwm1001/msg/_Anchor.py)
Linked: (/home/joseph/catkin_ws/devel/.private/localizer_dwm1001/lib/python2.7/dist-packages/localizer_dwm1001/msg/_Tag.py, /home/joseph/catkin_ws/devel/lib/python2.7/dist-packages/localizer_dwm1001/msg/_Tag.py)
Linked: (/home/joseph/catkin_ws/devel/.private/localizer_dwm1001/lib/pkgconfig/localizer_dwm1001.pc, /home/joseph/catkin_ws/devel/lib/pkgconfig/localizer_dwm1001.pc)
