[35m[1mScanning dependencies of target _localizer_dwm1001_generate_messages_check_deps_Anchor_1[0m
[35m[1mScanning dependencies of target _localizer_dwm1001_generate_messages_check_deps_Anchor_3[0m
[35m[1mScanning dependencies of target localizer_dwm1001_gencfg[0m
[35m[1mScanning dependencies of target std_msgs_generate_messages_cpp[0m
[  0%] Built target std_msgs_generate_messages_cpp
[  2%] [34m[1mGenerating dynamic reconfigure files from cfg/DWM1001_Tune_Serial.cfg: /home/joseph/catkin_ws/devel/.private/localizer_dwm1001/include/localizer_dwm1001/DWM1001_Tune_SerialConfig.h /home/joseph/catkin_ws/devel/.private/localizer_dwm1001/lib/python2.7/dist-packages/localizer_dwm1001/cfg/DWM1001_Tune_SerialConfig.py[0m
[35m[1mScanning dependencies of target _localizer_dwm1001_generate_messages_check_deps_Tag[0m
[  2%] Built target _localizer_dwm1001_generate_messages_check_deps_Anchor_3
[  2%] Built target _localizer_dwm1001_generate_messages_check_deps_Anchor_1
[35m[1mScanning dependencies of target _localizer_dwm1001_generate_messages_check_deps_Anchor_0[0m
[35m[1mScanning dependencies of target _localizer_dwm1001_generate_messages_check_deps_Anchor[0m
[  2%] Built target _localizer_dwm1001_generate_messages_check_deps_Tag
Generating reconfiguration files for DWM1001_Tune_Serial in localizer_dwm1001
Wrote header file in /home/joseph/catkin_ws/devel/.private/localizer_dwm1001/include/localizer_dwm1001/DWM1001_Tune_SerialConfig.h
[35m[1mScanning dependencies of target _localizer_dwm1001_generate_messages_check_deps_Tag_srv[0m
[  2%] Built target _localizer_dwm1001_generate_messages_check_deps_Anchor_0
[  2%] Built target _localizer_dwm1001_generate_messages_check_deps_Anchor
[35m[1mScanning dependencies of target _localizer_dwm1001_generate_messages_check_deps_Anchor_2[0m
[35m[1mScanning dependencies of target std_msgs_generate_messages_lisp[0m
[  2%] Built target std_msgs_generate_messages_lisp
[  2%] Built target _localizer_dwm1001_generate_messages_check_deps_Tag_srv
[35m[1mScanning dependencies of target std_msgs_generate_messages_eus[0m
[  2%] Built target localizer_dwm1001_gencfg
[35m[1mScanning dependencies of target std_msgs_generate_messages_nodejs[0m
[  2%] Built target std_msgs_generate_messages_eus
[  2%] Built target _localizer_dwm1001_generate_messages_check_deps_Anchor_2
[  2%] Built target std_msgs_generate_messages_nodejs
[35m[1mScanning dependencies of target std_msgs_generate_messages_py[0m
[35m[1mScanning dependencies of target localizer_dwm1001_generate_messages_cpp[0m
[35m[1mScanning dependencies of target localizer_dwm1001_generate_messages_lisp[0m
[35m[1mScanning dependencies of target localizer_dwm1001_generate_messages_eus[0m
[  2%] Built target std_msgs_generate_messages_py
[ 10%] [34m[1mGenerating Lisp code from localizer_dwm1001/Anchor.msg[0m
[ 10%] [34m[1mGenerating C++ code from localizer_dwm1001/Anchor.msg[0m
[ 10%] [34m[1mGenerating EusLisp code from localizer_dwm1001/Anchor.msg[0m
[35m[1mScanning dependencies of target localizer_dwm1001_generate_messages_nodejs[0m
[ 12%] [34m[1mGenerating Javascript code from localizer_dwm1001/Anchor.msg[0m
[ 15%] [34m[1mGenerating Lisp code from localizer_dwm1001/Tag.msg[0m
[ 17%] [34m[1mGenerating Javascript code from localizer_dwm1001/Tag.msg[0m
[ 20%] [34m[1mGenerating EusLisp code from localizer_dwm1001/Tag.msg[0m
[ 23%] [34m[1mGenerating Lisp code from localizer_dwm1001/Anchor_0.srv[0m
[ 25%] [34m[1mGenerating Javascript code from localizer_dwm1001/Anchor_0.srv[0m
[ 28%] [34m[1mGenerating Lisp code from localizer_dwm1001/Anchor_1.srv[0m
[ 30%] [34m[1mGenerating EusLisp code from localizer_dwm1001/Anchor_0.srv[0m
[ 33%] [34m[1mGenerating Javascript code from localizer_dwm1001/Anchor_1.srv[0m
[ 38%] [34m[1mGenerating C++ code from localizer_dwm1001/Tag.msg[0m
[ 38%] [34m[1mGenerating Lisp code from localizer_dwm1001/Anchor_2.srv[0m
[ 41%] [34m[1mGenerating Javascript code from localizer_dwm1001/Anchor_2.srv[0m
[ 43%] [34m[1mGenerating Lisp code from localizer_dwm1001/Anchor_3.srv[0m
[ 46%] [34m[1mGenerating EusLisp code from localizer_dwm1001/Anchor_1.srv[0m
[ 48%] [34m[1mGenerating Javascript code from localizer_dwm1001/Anchor_3.srv[0m
[ 51%] [34m[1mGenerating Lisp code from localizer_dwm1001/Tag_srv.srv[0m
[ 53%] [34m[1mGenerating Javascript code from localizer_dwm1001/Tag_srv.srv[0m
[ 56%] [34m[1mGenerating EusLisp code from localizer_dwm1001/Anchor_2.srv[0m
[ 56%] Built target localizer_dwm1001_generate_messages_lisp
[ 58%] [34m[1mGenerating EusLisp code from localizer_dwm1001/Anchor_3.srv[0m
[ 58%] Built target localizer_dwm1001_generate_messages_nodejs
[ 61%] [34m[1mGenerating C++ code from localizer_dwm1001/Anchor_0.srv[0m
[ 64%] [34m[1mGenerating EusLisp code from localizer_dwm1001/Tag_srv.srv[0m
[ 66%] [34m[1mGenerating EusLisp manifest code for localizer_dwm1001[0m
[35m[1mScanning dependencies of target localizer_dwm1001_generate_messages_py[0m
[ 69%] [34m[1mGenerating Python from MSG localizer_dwm1001/Anchor[0m
[ 71%] [34m[1mGenerating C++ code from localizer_dwm1001/Anchor_1.srv[0m
[ 74%] [34m[1mGenerating Python from MSG localizer_dwm1001/Tag[0m
[ 76%] [34m[1mGenerating C++ code from localizer_dwm1001/Anchor_2.srv[0m
[ 79%] [34m[1mGenerating C++ code from localizer_dwm1001/Anchor_3.srv[0m
[ 82%] [34m[1mGenerating Python code from SRV localizer_dwm1001/Anchor_0[0m
[ 84%] [34m[1mGenerating Python code from SRV localizer_dwm1001/Anchor_1[0m
[ 87%] [34m[1mGenerating C++ code from localizer_dwm1001/Tag_srv.srv[0m
[ 89%] [34m[1mGenerating Python code from SRV localizer_dwm1001/Anchor_2[0m
[ 92%] [34m[1mGenerating Python code from SRV localizer_dwm1001/Anchor_3[0m
[ 92%] Built target localizer_dwm1001_generate_messages_eus
[ 94%] [34m[1mGenerating Python code from SRV localizer_dwm1001/Tag_srv[0m
[100%] [34m[1mGenerating Python srv __init__.py for localizer_dwm1001[0m
[100%] [34m[1mGenerating Python msg __init__.py for localizer_dwm1001[0m
[100%] Built target localizer_dwm1001_generate_messages_cpp
[100%] Built target localizer_dwm1001_generate_messages_py
[35m[1mScanning dependencies of target localizer_dwm1001_generate_messages[0m
[100%] Built target localizer_dwm1001_generate_messages
