Symlinking /home/joseph/catkin_ws/devel/include/localizer_dwm1001/Tag_srvResponse.h
Symlinking /home/joseph/catkin_ws/devel/include/localizer_dwm1001/Anchor_0Request.h
Symlinking /home/joseph/catkin_ws/devel/include/localizer_dwm1001/Anchor_3.h
Symlinking /home/joseph/catkin_ws/devel/include/localizer_dwm1001/Anchor_3Response.h
Symlinking /home/joseph/catkin_ws/devel/include/localizer_dwm1001/Anchor_2Request.h
Symlinking /home/joseph/catkin_ws/devel/include/localizer_dwm1001/Anchor_0Response.h
Symlinking /home/joseph/catkin_ws/devel/include/localizer_dwm1001/Tag_srv.h
Symlinking /home/joseph/catkin_ws/devel/include/localizer_dwm1001/Anchor.h
Symlinking /home/joseph/catkin_ws/devel/include/localizer_dwm1001/Tag_srvRequest.h
Symlinking /home/joseph/catkin_ws/devel/include/localizer_dwm1001/Anchor_1Request.h
Symlinking /home/joseph/catkin_ws/devel/include/localizer_dwm1001/Anchor_3Request.h
Symlinking /home/joseph/catkin_ws/devel/include/localizer_dwm1001/Tag.h
Symlinking /home/joseph/catkin_ws/devel/include/localizer_dwm1001/DWM1001_Tune_SerialConfig.h
Symlinking /home/joseph/catkin_ws/devel/include/localizer_dwm1001/Anchor_1.h
Symlinking /home/joseph/catkin_ws/devel/include/localizer_dwm1001/Anchor_1Response.h
Symlinking /home/joseph/catkin_ws/devel/include/localizer_dwm1001/Anchor_2.h
Symlinking /home/joseph/catkin_ws/devel/include/localizer_dwm1001/Anchor_0.h
Symlinking /home/joseph/catkin_ws/devel/include/localizer_dwm1001/Anchor_2Response.h
Symlinking /home/joseph/catkin_ws/devel/share/localizer_dwm1001/docs/DWM1001_Tune_SerialConfig.dox
Symlinking /home/joseph/catkin_ws/devel/share/localizer_dwm1001/docs/DWM1001_Tune_SerialConfig-usage.dox
Symlinking /home/joseph/catkin_ws/devel/share/localizer_dwm1001/docs/DWM1001_Tune_SerialConfig.wikidoc
Symlinking /home/joseph/catkin_ws/devel/share/localizer_dwm1001/cmake/localizer_dwm1001Config-version.cmake
Symlinking /home/joseph/catkin_ws/devel/share/localizer_dwm1001/cmake/localizer_dwm1001-msg-paths.cmake
Symlinking /home/joseph/catkin_ws/devel/share/localizer_dwm1001/cmake/localizer_dwm1001-msg-extras.cmake
Symlinking /home/joseph/catkin_ws/devel/share/localizer_dwm1001/cmake/localizer_dwm1001Config.cmake
Symlinking /home/joseph/catkin_ws/devel/share/common-lisp/ros/localizer_dwm1001/srv/_package_Anchor_1.lisp
Symlinking /home/joseph/catkin_ws/devel/share/common-lisp/ros/localizer_dwm1001/srv/localizer_dwm1001-srv.asd
Symlinking /home/joseph/catkin_ws/devel/share/common-lisp/ros/localizer_dwm1001/srv/Anchor_3.lisp
Symlinking /home/joseph/catkin_ws/devel/share/common-lisp/ros/localizer_dwm1001/srv/Anchor_1.lisp
Symlinking /home/joseph/catkin_ws/devel/share/common-lisp/ros/localizer_dwm1001/srv/_package_Anchor_2.lisp
Symlinking /home/joseph/catkin_ws/devel/share/common-lisp/ros/localizer_dwm1001/srv/Tag_srv.lisp
Symlinking /home/joseph/catkin_ws/devel/share/common-lisp/ros/localizer_dwm1001/srv/Anchor_0.lisp
Symlinking /home/joseph/catkin_ws/devel/share/common-lisp/ros/localizer_dwm1001/srv/Anchor_2.lisp
Symlinking /home/joseph/catkin_ws/devel/share/common-lisp/ros/localizer_dwm1001/srv/_package_Anchor_0.lisp
Symlinking /home/joseph/catkin_ws/devel/share/common-lisp/ros/localizer_dwm1001/srv/_package.lisp
Symlinking /home/joseph/catkin_ws/devel/share/common-lisp/ros/localizer_dwm1001/srv/_package_Tag_srv.lisp
Symlinking /home/joseph/catkin_ws/devel/share/common-lisp/ros/localizer_dwm1001/srv/_package_Anchor_3.lisp
Symlinking /home/joseph/catkin_ws/devel/share/common-lisp/ros/localizer_dwm1001/msg/localizer_dwm1001-msg.asd
Symlinking /home/joseph/catkin_ws/devel/share/common-lisp/ros/localizer_dwm1001/msg/_package_Tag.lisp
Symlinking /home/joseph/catkin_ws/devel/share/common-lisp/ros/localizer_dwm1001/msg/_package_Anchor.lisp
Symlinking /home/joseph/catkin_ws/devel/share/common-lisp/ros/localizer_dwm1001/msg/Anchor.lisp
Symlinking /home/joseph/catkin_ws/devel/share/common-lisp/ros/localizer_dwm1001/msg/_package.lisp
Symlinking /home/joseph/catkin_ws/devel/share/common-lisp/ros/localizer_dwm1001/msg/Tag.lisp
Symlinking /home/joseph/catkin_ws/devel/share/roseus/ros/localizer_dwm1001/manifest.l
Symlinking /home/joseph/catkin_ws/devel/share/roseus/ros/localizer_dwm1001/srv/Anchor_0.l
Symlinking /home/joseph/catkin_ws/devel/share/roseus/ros/localizer_dwm1001/srv/Tag_srv.l
Symlinking /home/joseph/catkin_ws/devel/share/roseus/ros/localizer_dwm1001/srv/Anchor_2.l
Symlinking /home/joseph/catkin_ws/devel/share/roseus/ros/localizer_dwm1001/srv/Anchor_3.l
Symlinking /home/joseph/catkin_ws/devel/share/roseus/ros/localizer_dwm1001/srv/Anchor_1.l
Symlinking /home/joseph/catkin_ws/devel/share/roseus/ros/localizer_dwm1001/msg/Anchor.l
Symlinking /home/joseph/catkin_ws/devel/share/roseus/ros/localizer_dwm1001/msg/Tag.l
Symlinking /home/joseph/catkin_ws/devel/share/gennodejs/ros/localizer_dwm1001/_index.js
Symlinking /home/joseph/catkin_ws/devel/share/gennodejs/ros/localizer_dwm1001/srv/Anchor_1.js
Symlinking /home/joseph/catkin_ws/devel/share/gennodejs/ros/localizer_dwm1001/srv/Tag_srv.js
Symlinking /home/joseph/catkin_ws/devel/share/gennodejs/ros/localizer_dwm1001/srv/Anchor_3.js
Symlinking /home/joseph/catkin_ws/devel/share/gennodejs/ros/localizer_dwm1001/srv/Anchor_0.js
Symlinking /home/joseph/catkin_ws/devel/share/gennodejs/ros/localizer_dwm1001/srv/Anchor_2.js
Symlinking /home/joseph/catkin_ws/devel/share/gennodejs/ros/localizer_dwm1001/srv/_index.js
Symlinking /home/joseph/catkin_ws/devel/share/gennodejs/ros/localizer_dwm1001/msg/Anchor.js
Symlinking /home/joseph/catkin_ws/devel/share/gennodejs/ros/localizer_dwm1001/msg/Tag.js
Symlinking /home/joseph/catkin_ws/devel/share/gennodejs/ros/localizer_dwm1001/msg/_index.js
Symlinking /home/joseph/catkin_ws/devel/lib/python2.7/dist-packages/localizer_dwm1001/__init__.py
Symlinking /home/joseph/catkin_ws/devel/lib/python2.7/dist-packages/localizer_dwm1001/cfg/__init__.py
Symlinking /home/joseph/catkin_ws/devel/lib/python2.7/dist-packages/localizer_dwm1001/cfg/DWM1001_Tune_SerialConfig.py
Symlinking /home/joseph/catkin_ws/devel/lib/python2.7/dist-packages/localizer_dwm1001/srv/__init__.py
Symlinking /home/joseph/catkin_ws/devel/lib/python2.7/dist-packages/localizer_dwm1001/srv/_Anchor_3.py
Symlinking /home/joseph/catkin_ws/devel/lib/python2.7/dist-packages/localizer_dwm1001/srv/_Tag_srv.py
Symlinking /home/joseph/catkin_ws/devel/lib/python2.7/dist-packages/localizer_dwm1001/srv/_Anchor_1.py
Symlinking /home/joseph/catkin_ws/devel/lib/python2.7/dist-packages/localizer_dwm1001/srv/_Anchor_0.py
Symlinking /home/joseph/catkin_ws/devel/lib/python2.7/dist-packages/localizer_dwm1001/srv/_Anchor_2.py
Symlinking /home/joseph/catkin_ws/devel/lib/python2.7/dist-packages/localizer_dwm1001/msg/__init__.py
Symlinking /home/joseph/catkin_ws/devel/lib/python2.7/dist-packages/localizer_dwm1001/msg/_Anchor.py
Symlinking /home/joseph/catkin_ws/devel/lib/python2.7/dist-packages/localizer_dwm1001/msg/_Tag.py
Symlinking /home/joseph/catkin_ws/devel/lib/pkgconfig/localizer_dwm1001.pc
