Determining if the pthread_create exist failed with the following output:
Change Dir: /home/joseph/catkin_ws/build/localizer_dwm1001/CMakeFiles/CMakeTmp

Run Build Command:"/usr/bin/make" "cmTC_97f09/fast"
/usr/bin/make -f CMakeFiles/cmTC_97f09.dir/build.make CMakeFiles/cmTC_97f09.dir/build
make[1]: Entering directory '/home/joseph/catkin_ws/build/localizer_dwm1001/CMakeFiles/CMakeTmp'
Building C object CMakeFiles/cmTC_97f09.dir/CheckSymbolExists.c.o
/usr/bin/cc    -o CMakeFiles/cmTC_97f09.dir/CheckSymbolExists.c.o   -c /home/joseph/catkin_ws/build/localizer_dwm1001/CMakeFiles/CMakeTmp/CheckSymbolExists.c
Linking C executable cmTC_97f09
/usr/bin/cmake -E cmake_link_script CMakeFiles/cmTC_97f09.dir/link.txt --verbose=1
/usr/bin/cc      -rdynamic CMakeFiles/cmTC_97f09.dir/CheckSymbolExists.c.o  -o cmTC_97f09 
CMakeFiles/cmTC_97f09.dir/CheckSymbolExists.c.o: In function `main':
CheckSymbolExists.c:(.text+0x14): undefined reference to `pthread_create'
CheckSymbolExists.c:(.text+0x18): undefined reference to `pthread_create'
collect2: error: ld returned 1 exit status
CMakeFiles/cmTC_97f09.dir/build.make:97: recipe for target 'cmTC_97f09' failed
make[1]: *** [cmTC_97f09] Error 1
make[1]: Leaving directory '/home/joseph/catkin_ws/build/localizer_dwm1001/CMakeFiles/CMakeTmp'
Makefile:126: recipe for target 'cmTC_97f09/fast' failed
make: *** [cmTC_97f09/fast] Error 2

File /home/joseph/catkin_ws/build/localizer_dwm1001/CMakeFiles/CMakeTmp/CheckSymbolExists.c:
/* */
#include <pthread.h>

int main(int argc, char** argv)
{
  (void)argv;
#ifndef pthread_create
  return ((int*)(&pthread_create))[argc];
#else
  (void)argc;
  return 0;
#endif
}

Determining if the function pthread_create exists in the pthreads failed with the following output:
Change Dir: /home/joseph/catkin_ws/build/localizer_dwm1001/CMakeFiles/CMakeTmp

Run Build Command:"/usr/bin/make" "cmTC_340ad/fast"
/usr/bin/make -f CMakeFiles/cmTC_340ad.dir/build.make CMakeFiles/cmTC_340ad.dir/build
make[1]: Entering directory '/home/joseph/catkin_ws/build/localizer_dwm1001/CMakeFiles/CMakeTmp'
Building C object CMakeFiles/cmTC_340ad.dir/CheckFunctionExists.c.o
/usr/bin/cc   -DCHECK_FUNCTION_EXISTS=pthread_create   -o CMakeFiles/cmTC_340ad.dir/CheckFunctionExists.c.o   -c /usr/share/cmake-3.10/Modules/CheckFunctionExists.c
Linking C executable cmTC_340ad
/usr/bin/cmake -E cmake_link_script CMakeFiles/cmTC_340ad.dir/link.txt --verbose=1
/usr/bin/cc  -DCHECK_FUNCTION_EXISTS=pthread_create    -rdynamic CMakeFiles/cmTC_340ad.dir/CheckFunctionExists.c.o  -o cmTC_340ad -lpthreads 
/usr/bin/ld: cannot find -lpthreads
collect2: error: ld returned 1 exit status
CMakeFiles/cmTC_340ad.dir/build.make:97: recipe for target 'cmTC_340ad' failed
make[1]: *** [cmTC_340ad] Error 1
make[1]: Leaving directory '/home/joseph/catkin_ws/build/localizer_dwm1001/CMakeFiles/CMakeTmp'
Makefile:126: recipe for target 'cmTC_340ad/fast' failed
make: *** [cmTC_340ad/fast] Error 2


